#
# There is insufficient memory for the Java Runtime Environment to continue.
# Native memory allocation (mmap) failed to map 67108864 bytes for Failed to commit area from 0x00000000c1600000 to 0x00000000c5600000 of length 67108864.
# Possible reasons:
#   The system is out of physical RAM or swap space
#   The process is running with CompressedOops enabled, and the Java Heap may be blocking the growth of the native heap
# Possible solutions:
#   Reduce memory load on the system
#   Increase physical memory or swap space
#   Check if swap backing store is full
#   Decrease Java heap size (-Xmx/-Xms)
#   Decrease number of Java threads
#   Decrease Java thread stack sizes (-Xss)
#   Set larger code cache with -XX:ReservedCodeCacheSize=
# This output file may be truncated or incomplete.
#
#  Out of Memory Error (t:/workspace/open/src/hotspot/os/windows/os_windows.cpp:3301), pid=19048, tid=19816
#
# JRE version:  (13.0.1+9) (build )
# Java VM: Java HotSpot(TM) 64-Bit Server VM (13.0.1+9, mixed mode, aot, sharing, tiered, compressed oops, g1 gc, windows-amd64)
# No core dump will be written. Minidumps are not enabled by default on client versions of Windows
#

---------------  S U M M A R Y ------------

Command Line: -Dfile.encoding=Cp1252 project1.Main

Host: Intel(R) Core(TM) i3-8130U CPU @ 2.20GHz, 4 cores, 3G,  Windows 10 , 64 bit Build 19041 (10.0.19041.546)
Time: Thu Oct 22 16:52:28 2020 India Standard Time elapsed time: 0 seconds (0d 0h 0m 0s)

---------------  T H R E A D  ---------------

Current thread (0x000001d77cf47000):  JavaThread "Unknown thread" [_thread_in_vm, id=19816, stack(0x00000016ab000000,0x00000016ab100000)]

Stack: [0x00000016ab000000,0x00000016ab100000]
Native frames: (J=compiled Java code, j=interpreted, Vv=VM code, C=native code)
V  [jvm.dll+0x626eca]
V  [jvm.dll+0x772c6a]
V  [jvm.dll+0x77441f]
V  [jvm.dll+0x774a23]
V  [jvm.dll+0x24da58]
V  [jvm.dll+0x62438a]
V  [jvm.dll+0x618f75]
V  [jvm.dll+0x30c61c]
V  [jvm.dll+0x30c452]
V  [jvm.dll+0x311bc6]
V  [jvm.dll+0x355ce6]
V  [jvm.dll+0x3554c0]
V  [jvm.dll+0x2e729a]
V  [jvm.dll+0x2e8532]
V  [jvm.dll+0x74fcd8]
V  [jvm.dll+0x363739]
V  [jvm.dll+0x732dc5]
V  [jvm.dll+0x3ce2ef]
V  [jvm.dll+0x3d0611]
C  [jli.dll+0x51ff]
C  [ucrtbase.dll+0x214c2]
C  [KERNEL32.DLL+0x17034]
C  [ntdll.dll+0x4cec1]


---------------  P R O C E S S  ---------------

Threads class SMR info:
_java_thread_list=0x00007ffdf4a646b8, length=0, elements={
}

Java Threads: ( => current thread )

Other Threads:
  0x000001d77cf77800 GCTaskThread "GC Thread#0" [stack: 0x00000016ab100000,0x00000016ab200000] [id=10844]
  0x000001d77cf81000 ConcurrentGCThread "G1 Main Marker" [stack: 0x00000016ab200000,0x00000016ab300000] [id=14800]
  0x000001d77cf83000 ConcurrentGCThread "G1 Conc#0" [stack: 0x00000016ab300000,0x00000016ab400000] [id=7596]

[error occurred during error reporting (printing all threads), id 0xc0000005, EXCEPTION_ACCESS_VIOLATION (0xc0000005) at pc=0x00007ffdf4296f67]

VM state:not at safepoint (not fully initialized)

VM Mutex/Monitor currently owned by a thread:  ([mutex/lock_event])
[0x000001d77cf43000] Heap_lock - owner thread: 0x000001d77cf47000

Heap address: 0x00000000c1600000, size: 1002 MB, Compressed Oops mode: Non-zero based: 0x00000000c1600000
Narrow klass base: 0x0000000000000000, Narrow klass shift: 0

GC Heap History (0 events):
No events

Deoptimization events (0 events):
No events

Classes unloaded (0 events):
No events

Classes redefined (0 events):
No events

Internal exceptions (0 events):
No events

Events (8 events):
Event: 0.013 Loaded shared library F:\Program Files\Java\jdk-13.0.1\bin\zip.dll
Event: 0.015 Loaded shared library F:\Program Files\Java\jdk-13.0.1\bin\jimage.dll
Event: 0.016 Loading shared library F:\Program Files\Java\jdk-13.0.1\lib\libjava.base-coop.dll failed, error code 126
Event: 0.016 Loading shared library F:\Program Files\Java\jdk-13.0.1\lib\libjava.logging-coop.dll failed, error code 126
Event: 0.016 Loading shared library F:\Program Files\Java\jdk-13.0.1\lib\libjdk.compiler-coop.dll failed, error code 126
Event: 0.016 Loading shared library F:\Program Files\Java\jdk-13.0.1\lib\libjdk.scripting.nashorn-coop.dll failed, error code 126
Event: 0.016 Loading shared library F:\Program Files\Java\jdk-13.0.1\lib\libjdk.internal.vm.ci-coop.dll failed, error code 126
Event: 0.016 Loading shared library F:\Program Files\Java\jdk-13.0.1\lib\libjdk.internal.vm.compiler-coop.dll failed, error code 126


Dynamic libraries:
0x00007ff6a7dc0000 - 0x00007ff6a7dcf000 	F:\Program Files\Java\jdk-13.0.1\bin\javaw.exe
0x00007ffe42fd0000 - 0x00007ffe431c6000 	C:\WINDOWS\SYSTEM32\ntdll.dll
0x00007ffe41e70000 - 0x00007ffe41f2d000 	C:\WINDOWS\System32\KERNEL32.DLL
0x00007ffe40ac0000 - 0x00007ffe40d88000 	C:\WINDOWS\System32\KERNELBASE.dll
0x00007ffe40780000 - 0x00007ffe40880000 	C:\WINDOWS\System32\ucrtbase.dll
0x00007ffe3a400000 - 0x00007ffe3a418000 	F:\Program Files\Java\jdk-13.0.1\bin\jli.dll
0x00007ffe41d80000 - 0x00007ffe41e2a000 	C:\WINDOWS\System32\ADVAPI32.dll
0x00007ffe42450000 - 0x00007ffe424ee000 	C:\WINDOWS\System32\msvcrt.dll
0x00007ffe41f30000 - 0x00007ffe41fcb000 	C:\WINDOWS\System32\sechost.dll
0x00007ffe42b10000 - 0x00007ffe42c34000 	C:\WINDOWS\System32\RPCRT4.dll
0x00007ffe3b560000 - 0x00007ffe3b575000 	F:\Program Files\Java\jdk-13.0.1\bin\VCRUNTIME140.dll
0x00007ffe41fe0000 - 0x00007ffe42180000 	C:\WINDOWS\System32\USER32.dll
0x00007ffe409e0000 - 0x00007ffe40a02000 	C:\WINDOWS\System32\win32u.dll
0x00007ffe42c40000 - 0x00007ffe42c6a000 	C:\WINDOWS\System32\GDI32.dll
0x00007ffe40d90000 - 0x00007ffe40e99000 	C:\WINDOWS\System32\gdi32full.dll
0x00007ffe40f50000 - 0x00007ffe40fed000 	C:\WINDOWS\System32\msvcp_win.dll
0x00007ffe2d890000 - 0x00007ffe2db2b000 	C:\WINDOWS\WinSxS\amd64_microsoft.windows.common-controls_6595b64144ccf1df_6.0.19041.488_none_ca04af081b815d21\COMCTL32.dll
0x00007ffe37870000 - 0x00007ffe3787a000 	C:\WINDOWS\SYSTEM32\VERSION.dll
0x00007ffe41e30000 - 0x00007ffe41e60000 	C:\WINDOWS\System32\IMM32.DLL
0x00007ffe269d0000 - 0x00007ffe26a6b000 	F:\Program Files\Java\jdk-13.0.1\bin\msvcp140.dll
0x00007ffdf3fa0000 - 0x00007ffdf4b06000 	F:\Program Files\Java\jdk-13.0.1\bin\server\jvm.dll
0x00007ffe41e60000 - 0x00007ffe41e68000 	C:\WINDOWS\System32\PSAPI.DLL
0x00007ffe2bc70000 - 0x00007ffe2bc79000 	C:\WINDOWS\SYSTEM32\WSOCK32.dll
0x00007ffe42de0000 - 0x00007ffe42e4b000 	C:\WINDOWS\System32\WS2_32.dll
0x00007ffe37b00000 - 0x00007ffe37b27000 	C:\WINDOWS\SYSTEM32\WINMM.dll
0x00007ffe3f270000 - 0x00007ffe3f282000 	C:\WINDOWS\SYSTEM32\kernel.appcore.dll
0x00007ffe3b420000 - 0x00007ffe3b430000 	F:\Program Files\Java\jdk-13.0.1\bin\verify.dll
0x00007ffe3ed60000 - 0x00007ffe3ef44000 	C:\WINDOWS\SYSTEM32\DBGHELP.DLL
0x00007ffe2dbf0000 - 0x00007ffe2dc1c000 	C:\WINDOWS\SYSTEM32\dbgcore.DLL
0x00007ffe40a40000 - 0x00007ffe40abf000 	C:\WINDOWS\System32\bcryptPrimitives.dll
0x00007ffe3a680000 - 0x00007ffe3a6a6000 	F:\Program Files\Java\jdk-13.0.1\bin\java.dll
0x00007ffe3b2e0000 - 0x00007ffe3b2f7000 	F:\Program Files\Java\jdk-13.0.1\bin\zip.dll
0x00007ffe3b270000 - 0x00007ffe3b27a000 	F:\Program Files\Java\jdk-13.0.1\bin\jimage.dll

dbghelp: loaded successfully - version: 4.0.5 - missing functions: none
symbol engine: initialized successfully - sym options: 0x614 - pdb path: .;F:\Program Files\Java\jdk-13.0.1\bin;C:\WINDOWS\SYSTEM32;C:\WINDOWS\WinSxS\amd64_microsoft.windows.common-controls_6595b64144ccf1df_6.0.19041.488_none_ca04af081b815d21;F:\Program Files\Java\jdk-13.0.1\bin\server

VM Arguments:
jvm_args: -Dfile.encoding=Cp1252 
java_command: project1.Main
java_class_path (initial): C:\Users\Pallavi Grover\eclipse-workspace\project1\bin
Launcher Type: SUN_STANDARD

[Global flags]
     intx CICompilerCount                          = 3                                         {product} {ergonomic}
     uint ConcGCThreads                            = 1                                         {product} {ergonomic}
     uint G1ConcRefinementThreads                  = 4                                         {product} {ergonomic}
   size_t G1HeapRegionSize                         = 1048576                                   {product} {ergonomic}
    uintx GCDrainStackTargetSize                   = 64                                        {product} {ergonomic}
   size_t InitialHeapSize                          = 67108864                                  {product} {ergonomic}
   size_t MarkStackSize                            = 4194304                                   {product} {ergonomic}
   size_t MaxHeapSize                              = 1050673152                                {product} {ergonomic}
   size_t MinHeapDeltaBytes                        = 1048576                                   {product} {ergonomic}
   size_t MinHeapSize                              = 8388608                                   {product} {ergonomic}
    uintx NonNMethodCodeHeapSize                   = 5830732                                {pd product} {ergonomic}
    uintx NonProfiledCodeHeapSize                  = 122913754                              {pd product} {ergonomic}
    uintx ProfiledCodeHeapSize                     = 122913754                              {pd product} {ergonomic}
    uintx ReservedCodeCacheSize                    = 251658240                              {pd product} {ergonomic}
     bool SegmentedCodeCache                       = true                                      {product} {ergonomic}
   size_t SoftMaxHeapSize                          = 1050673152                             {manageable} {ergonomic}
     bool UseCompressedClassPointers               = true                                 {lp64_product} {ergonomic}
     bool UseCompressedOops                        = true                                 {lp64_product} {ergonomic}
     bool UseG1GC                                  = true                                      {product} {ergonomic}
     bool UseLargePagesIndividualAllocation        = false                                  {pd product} {ergonomic}

Logging:
Log output configuration:
 #0: stdout all=warning uptime,level,tags
 #1: stderr all=off uptime,level,tags

Environment Variables:
PATH=F:/Program Files/Java/jdk-13.0.1/bin/server;F:/Program Files/Java/jdk-13.0.1/bin;C:\oraclexe\app\oracle\product\11.2.0\server\bin;C:\Program Files (x86)\Intel\Intel(R) Management Engine Components\iCLS\;C:\Program Files\Intel\Intel(R) Management Engine Components\iCLS\;C:\WINDOWS\system32;C:\WINDOWS;C:\WINDOWS\System32\Wbem;C:\WINDOWS\System32\WindowsPowerShell\v1.0\;C:\Program Files (x86)\Intel\Intel(R) Management Engine Components\DAL;C:\Program Files\Intel\Intel(R) Management Engine Components\DAL;C:\Program Files (x86)\Intel\Intel(R) Management Engine Components\IPT;C:\Program Files\Intel\Intel(R) Management Engine Components\IPT;C:\WINDOWS\System32\OpenSSH\;C:\PHP7;C:\Program Files\Git\cmd;C:\Users\Pallavi Grover\AppData\Local\Microsoft\WindowsApps;F:\Program Files\Java\jdk-13.0.1\bin;;C:\Users\Pallavi Grover\Desktop;
USERNAME=Pallavi Grover
OS=Windows_NT
PROCESSOR_IDENTIFIER=Intel64 Family 6 Model 142 Stepping 10, GenuineIntel



---------------  S Y S T E M  ---------------

OS: Windows 10 , 64 bit Build 19041 (10.0.19041.546)

CPU:total 4 (initial active 4) (2 cores per cpu, 2 threads per core) family 6 model 142 stepping 10, cmov, cx8, fxsr, mmx, sse, sse2, sse3, ssse3, sse4.1, sse4.2, popcnt, avx, avx2, aes, clmul, erms, 3dnowpref, lzcnt, ht, tsc, tscinvbit, bmi1, bmi2, adx, fma

Memory: 4k page, system-wide physical 4001M (337M free)
TotalPageFile size 16289M (AvailPageFile size 8M)
current process WorkingSet (physical memory assigned to process): 10M, peak: 10M
current process commit charge ("private bytes"): 51M, peak: 115M

vm_info: Java HotSpot(TM) 64-Bit Server VM (13.0.1+9) for windows-amd64 JRE (13.0.1+9), built on Oct  6 2019 12:37:49 by "mach5one" with unknown MS VC++:1916

END.
